[debug] [2019-07-22T09:20:36.033Z] ----------------------------------------------------------------------
[debug] [2019-07-22T09:20:36.035Z] Command:       C:\Program Files\nodejs\node.exe C:\Users\Bil\AppData\Roaming\npm\node_modules\firebase-tools\lib\bin\firebase.js serve --only functions
[debug] [2019-07-22T09:20:36.036Z] CLI Version:   7.0.2
[debug] [2019-07-22T09:20:36.036Z] Platform:      win32
[debug] [2019-07-22T09:20:36.036Z] Node Version:  v10.16.0
[debug] [2019-07-22T09:20:36.037Z] Time:          Mon Jul 22 2019 02:20:36 GMT-0700 (Pacific Daylight Time)
[debug] [2019-07-22T09:20:36.037Z] ----------------------------------------------------------------------
[debug] 
[debug] [2019-07-22T09:20:36.055Z] > command requires scopes: ["email","openid","https://www.googleapis.com/auth/cloudplatformprojects.readonly","https://www.googleapis.com/auth/firebase","https://www.googleapis.com/auth/cloud-platform"]
[debug] [2019-07-22T09:20:36.056Z] > authorizing via signed-in user
[debug] [2019-07-22T09:20:36.056Z] [iam] checking project iconproject-f66b2 for permissions ["firebase.projects.get"]
[debug] [2019-07-22T09:20:36.060Z] > refreshing access token with scopes: ["email","https://www.googleapis.com/auth/cloud-platform","https://www.googleapis.com/auth/cloudplatformprojects.readonly","https://www.googleapis.com/auth/firebase","openid"]
[debug] [2019-07-22T09:20:36.060Z] >>> HTTP REQUEST POST https://www.googleapis.com/oauth2/v3/token  
 <request body omitted>
[debug] [2019-07-22T09:20:36.762Z] <<< HTTP RESPONSE 200
[debug] [2019-07-22T09:20:36.796Z] >>> HTTP REQUEST POST https://cloudresourcemanager.googleapis.com/v1/projects/iconproject-f66b2:testIamPermissions  

[debug] [2019-07-22T09:20:38.207Z] <<< HTTP RESPONSE 200
[debug] [2019-07-22T09:20:38.208Z] >>> HTTP REQUEST GET https://cloudresourcemanager.googleapis.com/v1/projects/iconproject-f66b2  
 
[debug] [2019-07-22T09:20:39.628Z] <<< HTTP RESPONSE 200
[warn] !  Your requested "node" version "8" doesn't match your global version "10"
[debug] [2019-07-22T09:20:39.779Z] >>> HTTP REQUEST GET https://mobilesdk-pa.googleapis.com/v1/projects/852622610852:getServerAppConfig  
 
[debug] [2019-07-22T09:20:40.195Z] <<< HTTP RESPONSE 200
[info] +  functions: Emulator started at http://localhost:5000
[info] i  functions: Watching "C:\Users\Bil\Documents\Firebase\PERU\functions" for Cloud Functions...
[info] >  C:\Users\Bil\AppData\Roaming\npm\node_modules\firebase-tools\node_modules\configstore\index.js:69
[info] >  				throw err;
[info] >  				^
[info] >  
[info] >  Error: EBUSY: resource busy or locked, rename 'C:\Users\Bil\.config\configstore\firebase-tools.json.1268226010' -> 'C:\Users\Bil\.config\configstore\firebase-tools.json'
[info] >      at Object.renameSync (fs.js:598:3)
[info] >      at Function.writeFileSync [as sync] (C:\Users\Bil\AppData\Roaming\npm\node_modules\firebase-tools\node_modules\write-file-atomic\index.js:124:8)
[info] >      at Configstore.set (C:\Users\Bil\AppData\Roaming\npm\node_modules\firebase-tools\node_modules\configstore\index.js:62:21)
[info] >      at new Configstore (C:\Users\Bil\AppData\Roaming\npm\node_modules\firebase-tools\node_modules\configstore\index.js:27:11)
[info] >      at Object.<anonymous> (C:\Users\Bil\AppData\Roaming\npm\node_modules\firebase-tools\lib\configstore.js:4:18)
[info] >      at Module._compile (internal/modules/cjs/loader.js:776:30)
[info] >      at Object.Module._extensions..js (internal/modules/cjs/loader.js:787:10)
[info] >      at Module.load (internal/modules/cjs/loader.js:653:32)
[info] >      at tryModuleLoad (internal/modules/cjs/loader.js:593:12)
[info] >      at Function.Module._load (internal/modules/cjs/loader.js:585:3)
